<?xml version="1.0" encoding="UTF-8"?>
<testsuite xmlns:xsi="http://www.w3.org/2001/XMLSchema-instance" xsi:noNamespaceSchemaLocation="https://maven.apache.org/surefire/maven-surefire-plugin/xsd/surefire-test-report-3.0.xsd" version="3.0" name="ual.hmis.sesion06.ejercicio6.ConversionTemperaturaTest" time="0.071" tests="16" errors="0" skipped="0" failures="0">
  <properties>
[...]
</properties>
  <testcase name="convertTemperature_devuelveNaN_conUnidadesNoValidas(double, String, String)[1]" classname="ual.hmis.sesion06.ejercicio6.ConversionTemperaturaTest" time="0.019"/>
  <testcase name="convertTemperature_devuelveNaN_conUnidadesNoValidas(double, String, String)[2]" classname="ual.hmis.sesion06.ejercicio6.ConversionTemperaturaTest" time="0.0"/>
  <testcase name="convertTemperature_devuelveNaN_conUnidadesNoValidas(double, String, String)[3]" classname="ual.hmis.sesion06.ejercicio6.ConversionTemperaturaTest" time="0.0"/>
  <testcase name="convertTemperature_devuelveNaN_conUnidadesNoValidas(double, String, String)[4]" classname="ual.hmis.sesion06.ejercicio6.ConversionTemperaturaTest" time="0.0"/>
  <testcase name="convertTemperature_devuelveNaN_conUnidadesNoValidas(double, String, String)[5]" classname="ual.hmis.sesion06.ejercicio6.ConversionTemperaturaTest" time="0.0"/>
  <testcase name="convertTemperature_devuelveNaN_conUnidadesNoValidas(double, String, String)[6]" classname="ual.hmis.sesion06.ejercicio6.ConversionTemperaturaTest" time="0.0"/>
  <testcase name="convertTemperature_devuelveValorEsperado(double, String, String, double)[1]" classname="ual.hmis.sesion06.ejercicio6.ConversionTemperaturaTest" time="0.003"/>
  <testcase name="convertTemperature_devuelveValorEsperado(double, String, String, double)[2]" classname="ual.hmis.sesion06.ejercicio6.ConversionTemperaturaTest" time="0.0"/>
  <testcase name="convertTemperature_devuelveValorEsperado(double, String, String, double)[3]" classname="ual.hmis.sesion06.ejercicio6.ConversionTemperaturaTest" time="0.001"/>
  <testcase name="convertTemperature_devuelveValorEsperado(double, String, String, double)[4]" classname="ual.hmis.sesion06.ejercicio6.ConversionTemperaturaTest" time="0.0"/>
  <testcase name="convertTemperature_devuelveValorEsperado(double, String, String, double)[5]" classname="ual.hmis.sesion06.ejercicio6.ConversionTemperaturaTest" time="0.0"/>
  <testcase name="convertTemperature_devuelveValorEsperado(double, String, String, double)[6]" classname="ual.hmis.sesion06.ejercicio6.ConversionTemperaturaTest" time="0.0"/>
  <testcase name="convertTemperature_devuelveValorEsperado(double, String, String, double)[7]" classname="ual.hmis.sesion06.ejercicio6.ConversionTemperaturaTest" time="0.0"/>
  <testcase name="convertTemperature_devuelveValorEsperado(double, String, String, double)[8]" classname="ual.hmis.sesion06.ejercicio6.ConversionTemperaturaTest" time="0.0"/>
  <testcase name="convertTemperature_devuelveValorEsperado(double, String, String, double)[9]" classname="ual.hmis.sesion06.ejercicio6.ConversionTemperaturaTest" time="0.0"/>
  <testcase name="convertTemperature_devuelveValorEsperado(double, String, String, double)[10]" classname="ual.hmis.sesion06.ejercicio6.ConversionTemperaturaTest" time="0.0"/>
</testsuite>